<?xml version="1.0" encoding="UTF-8"?>
<!-- Generated by org.testng.reporters.JUnitReportReporter -->
<testsuite hostname="DESKTOP-K5OU0V1" failures="0" tests="5" name="TestPack.ZerodhaTestClass" time="7.292" errors="0" timestamp="2022-07-16T17:25:50 IST" skipped="3">
  <testcase classname="TestPack.ZerodhaTestClass" name="Login" time="1.846"/>
  <system-out/>
  <testcase classname="TestPack.ZerodhaTestClass" name="homePage" time="5.446"/>
  <system-out/>
  <testcase classname="TestPack.ZerodhaTestClass" name="buyAndSell">
    <skipped/>
  </testcase> <!-- buyAndSell -->
  <system-out/>
  <testcase classname="TestPack.ZerodhaTestClass" name="openChart">
    <skipped/>
  </testcase> <!-- openChart -->
  <system-out/>
  <testcase classname="TestPack.ZerodhaTestClass" name="InvalidLogin">
    <skipped/>
  </testcase> <!-- InvalidLogin -->
  <system-out/>
</testsuite> <!-- TestPack.ZerodhaTestClass -->
